2024/04/15 16:20:28 Get external media error
2024/04/15 16:20:28 open /run/media/blackgaze: no such file or directory
2024/04/15 16:20:28 Get external media error
2024/04/15 16:20:28 open /run/media/blackgaze: no such file or directory
2024/04/15 16:20:28 Get external media error
2024/04/15 16:20:28 open /run/media/blackgaze: no such file or directory
2024/04/15 16:20:29 Get external media error
2024/04/15 16:20:29 open /run/media/blackgaze: no such file or directory
2024/04/15 16:20:30 Get external media error
2024/04/15 16:20:30 open /run/media/blackgaze: no such file or directory
2024/04/15 16:20:30 Get external media error
2024/04/15 16:20:30 open /run/media/blackgaze: no such file or directory
2024/04/15 16:20:30 Get external media error
2024/04/15 16:20:30 open /run/media/blackgaze: no such file or directory
2024/04/15 16:20:30 Get external media error
2024/04/15 16:20:30 open /run/media/blackgaze: no such file or directory
2024/04/15 16:20:30 Get external media error
2024/04/15 16:20:30 open /run/media/blackgaze: no such file or directory
2024/04/15 16:20:31 Get external media error
2024/04/15 16:20:31 open /run/media/blackgaze: no such file or directory
2024/04/15 16:20:31 Get external media error
2024/04/15 16:20:31 open /run/media/blackgaze: no such file or directory
2024/04/15 16:20:31 Get external media error
2024/04/15 16:20:31 open /run/media/blackgaze: no such file or directory
2024/04/15 16:20:31 Get external media error
2024/04/15 16:20:31 open /run/media/blackgaze: no such file or directory
2024/04/15 16:20:31 Get external media error
2024/04/15 16:20:31 open /run/media/blackgaze: no such file or directory
2024/04/15 16:20:32 Get external media error
2024/04/15 16:20:32 open /run/media/blackgaze: no such file or directory
2024/04/15 16:20:32 Get external media error
2024/04/15 16:20:32 open /run/media/blackgaze: no such file or directory
2024/04/15 16:20:32 Get external media error
2024/04/15 16:20:32 open /run/media/blackgaze: no such file or directory
2024/04/15 16:20:32 Get external media error
2024/04/15 16:20:32 open /run/media/blackgaze: no such file or directory
2024/04/15 16:20:32 Get external media error
2024/04/15 16:20:32 open /run/media/blackgaze: no such file or directory
2024/04/15 16:20:33 Get external media error
2024/04/15 16:20:33 open /run/media/blackgaze: no such file or directory
2024/04/15 16:20:33 Get external media error
2024/04/15 16:20:33 open /run/media/blackgaze: no such file or directory
2024/04/15 16:20:33 Get external media error
2024/04/15 16:20:33 open /run/media/blackgaze: no such file or directory
2024/04/15 16:20:33 Get external media error
2024/04/15 16:20:33 open /run/media/blackgaze: no such file or directory
2024/04/15 16:20:34 Get external media error
2024/04/15 16:20:34 open /run/media/blackgaze: no such file or directory
2024/04/15 16:20:34 Get external media error
2024/04/15 16:20:34 open /run/media/blackgaze: no such file or directory
2024/04/15 16:20:34 Get external media error
2024/04/15 16:20:34 open /run/media/blackgaze: no such file or directory
2024/04/15 16:20:34 Get external media error
2024/04/15 16:20:34 open /run/media/blackgaze: no such file or directory
2024/04/15 16:20:35 Get external media error
2024/04/15 16:20:35 open /run/media/blackgaze: no such file or directory
2024/04/15 16:20:36 Get external media error
2024/04/15 16:20:36 open /run/media/blackgaze: no such file or directory
2024/04/15 16:20:37 Get external media error
2024/04/15 16:20:37 open /run/media/blackgaze: no such file or directory
2024/04/15 16:20:37 Get external media error
2024/04/15 16:20:37 open /run/media/blackgaze: no such file or directory
2024/04/15 16:20:38 Get external media error
2024/04/15 16:20:38 open /run/media/blackgaze: no such file or directory
2024/04/15 16:20:38 Get external media error
2024/04/15 16:20:38 open /run/media/blackgaze: no such file or directory
2024/04/15 16:20:39 Get external media error
2024/04/15 16:20:39 open /run/media/blackgaze: no such file or directory
2024/04/15 16:20:39 Get external media error
2024/04/15 16:20:39 open /run/media/blackgaze: no such file or directory
2024/04/15 16:20:40 Get external media error
2024/04/15 16:20:40 open /run/media/blackgaze: no such file or directory
2024/04/15 16:20:40 Get external media error
2024/04/15 16:20:40 open /run/media/blackgaze: no such file or directory
2024/04/15 16:20:40 Get external media error
2024/04/15 16:20:40 open /run/media/blackgaze: no such file or directory
2024/04/15 16:20:40 Get external media error
2024/04/15 16:20:40 open /run/media/blackgaze: no such file or directory
2024/04/15 16:20:41 Get external media error
2024/04/15 16:20:41 open /run/media/blackgaze: no such file or directory
2024/04/15 16:20:41 Get external media error
2024/04/15 16:20:41 open /run/media/blackgaze: no such file or directory
2024/04/15 16:20:41 Get external media error
2024/04/15 16:20:41 open /run/media/blackgaze: no such file or directory
2024/04/15 16:20:42 Get external media error
2024/04/15 16:20:42 open /run/media/blackgaze: no such file or directory
2024/04/15 16:20:42 Get external media error
2024/04/15 16:20:42 open /run/media/blackgaze: no such file or directory
2024/04/15 16:20:42 Get external media error
2024/04/15 16:20:42 open /run/media/blackgaze: no such file or directory
2024/04/15 16:20:42 Get external media error
2024/04/15 16:20:42 open /run/media/blackgaze: no such file or directory
2024/04/15 16:20:42 Get external media error
2024/04/15 16:20:42 open /run/media/blackgaze: no such file or directory
2024/04/15 16:20:43 Get external media error
2024/04/15 16:20:43 open /run/media/blackgaze: no such file or directory
2024/04/15 16:20:43 Get external media error
2024/04/15 16:20:43 open /run/media/blackgaze: no such file or directory
2024/04/15 16:20:45 Get external media error
2024/04/15 16:20:45 open /run/media/blackgaze: no such file or directory
2024/04/15 16:20:46 Get external media error
2024/04/15 16:20:46 open /run/media/blackgaze: no such file or directory
2024/04/15 16:20:46 Get external media error
2024/04/15 16:20:46 open /run/media/blackgaze: no such file or directory
2024/04/15 16:20:46 Get external media error
2024/04/15 16:20:46 open /run/media/blackgaze: no such file or directory
2024/04/15 16:20:47 Get external media error
2024/04/15 16:20:47 open /run/media/blackgaze: no such file or directory
2024/04/15 16:20:47 Get external media error
2024/04/15 16:20:47 open /run/media/blackgaze: no such file or directory
2024/04/15 16:20:47 Get external media error
2024/04/15 16:20:47 open /run/media/blackgaze: no such file or directory
2024/04/15 16:20:48 Get external media error
2024/04/15 16:20:48 open /run/media/blackgaze: no such file or directory
2024/04/15 16:20:48 Get external media error
2024/04/15 16:20:48 open /run/media/blackgaze: no such file or directory
2024/04/15 16:21:03 Get external media error
2024/04/15 16:21:03 open /run/media/blackgaze: no such file or directory
2024/04/15 16:21:03 Get external media error
2024/04/15 16:21:03 open /run/media/blackgaze: no such file or directory
2024/04/15 16:21:03 Get external media error
2024/04/15 16:21:03 open /run/media/blackgaze: no such file or directory
2024/04/15 16:21:04 Get external media error
2024/04/15 16:21:04 open /run/media/blackgaze: no such file or directory
2024/04/15 16:21:04 Get external media error
2024/04/15 16:21:04 open /run/media/blackgaze: no such file or directory
2024/04/15 16:21:04 Get external media error
2024/04/15 16:21:04 open /run/media/blackgaze: no such file or directory
2024/04/15 16:21:04 Get external media error
2024/04/15 16:21:04 open /run/media/blackgaze: no such file or directory
2024/04/15 16:21:05 Get external media error
2024/04/15 16:21:05 open /run/media/blackgaze: no such file or directory
2024/04/15 16:21:05 Get external media error
2024/04/15 16:21:05 open /run/media/blackgaze: no such file or directory
2024/04/15 16:21:05 Get external media error
2024/04/15 16:21:05 open /run/media/blackgaze: no such file or directory
2024/04/15 16:21:05 Get external media error
2024/04/15 16:21:05 open /run/media/blackgaze: no such file or directory
2024/04/15 16:21:05 Get external media error
2024/04/15 16:21:05 open /run/media/blackgaze: no such file or directory
2024/04/15 16:21:06 Get external media error
2024/04/15 16:21:06 open /run/media/blackgaze: no such file or directory
2024/04/15 16:21:06 Get external media error
2024/04/15 16:21:06 open /run/media/blackgaze: no such file or directory
2024/04/15 16:21:07 Get external media error
2024/04/15 16:21:07 open /run/media/blackgaze: no such file or directory
2024/04/15 16:21:07 Get external media error
2024/04/15 16:21:07 open /run/media/blackgaze: no such file or directory
2024/04/15 16:21:07 Get external media error
2024/04/15 16:21:07 open /run/media/blackgaze: no such file or directory
2024/04/15 16:21:07 Get external media error
2024/04/15 16:21:07 open /run/media/blackgaze: no such file or directory
2024/04/15 16:21:07 Get external media error
2024/04/15 16:21:07 open /run/media/blackgaze: no such file or directory
2024/04/15 16:21:08 Get external media error
2024/04/15 16:21:08 open /run/media/blackgaze: no such file or directory
2024/04/15 16:21:08 Get external media error
2024/04/15 16:21:08 open /run/media/blackgaze: no such file or directory
2024/04/15 16:21:08 Get external media error
2024/04/15 16:21:08 open /run/media/blackgaze: no such file or directory
2024/04/15 16:21:08 Get external media error
2024/04/15 16:21:08 open /run/media/blackgaze: no such file or directory
2024/04/15 16:21:08 Get external media error
2024/04/15 16:21:08 open /run/media/blackgaze: no such file or directory
2024/04/15 16:21:09 Get external media error
2024/04/15 16:21:09 open /run/media/blackgaze: no such file or directory
2024/04/15 16:21:09 Get external media error
2024/04/15 16:21:09 open /run/media/blackgaze: no such file or directory
2024/04/15 16:21:09 Get external media error
2024/04/15 16:21:09 open /run/media/blackgaze: no such file or directory
2024/04/15 16:21:09 Get external media error
2024/04/15 16:21:09 open /run/media/blackgaze: no such file or directory
2024/04/15 16:21:09 Get external media error
2024/04/15 16:21:09 open /run/media/blackgaze: no such file or directory
2024/04/15 16:21:09 Get external media error
2024/04/15 16:21:09 open /run/media/blackgaze: no such file or directory
2024/04/15 16:21:09 Get external media error
2024/04/15 16:21:09 open /run/media/blackgaze: no such file or directory
2024/04/15 16:21:09 Get external media error
2024/04/15 16:21:09 open /run/media/blackgaze: no such file or directory
2024/04/15 16:21:09 Get external media error
2024/04/15 16:21:09 open /run/media/blackgaze: no such file or directory
2024/04/15 16:21:09 Get external media error
2024/04/15 16:21:09 open /run/media/blackgaze: no such file or directory
2024/04/15 16:21:09 Get external media error
2024/04/15 16:21:09 open /run/media/blackgaze: no such file or directory
2024/04/15 16:21:09 Get external media error
2024/04/15 16:21:09 open /run/media/blackgaze: no such file or directory
2024/04/15 16:21:10 Get external media error
2024/04/15 16:21:10 open /run/media/blackgaze: no such file or directory
2024/04/15 16:21:10 Get external media error
2024/04/15 16:21:10 open /run/media/blackgaze: no such file or directory
2024/04/15 16:21:10 Get external media error
2024/04/15 16:21:10 open /run/media/blackgaze: no such file or directory
2024/04/15 16:21:10 Get external media error
2024/04/15 16:21:10 open /run/media/blackgaze: no such file or directory
2024/04/15 16:21:10 Get external media error
2024/04/15 16:21:10 open /run/media/blackgaze: no such file or directory
2024/04/15 16:21:10 Get external media error
2024/04/15 16:21:10 open /run/media/blackgaze: no such file or directory
2024/04/15 16:21:10 Get external media error
2024/04/15 16:21:10 open /run/media/blackgaze: no such file or directory
2024/04/15 16:21:10 Get external media error
2024/04/15 16:21:10 open /run/media/blackgaze: no such file or directory
2024/04/15 16:21:10 Get external media error
2024/04/15 16:21:10 open /run/media/blackgaze: no such file or directory
2024/04/15 16:21:10 Get external media error
2024/04/15 16:21:10 open /run/media/blackgaze: no such file or directory
2024/04/15 16:21:11 Get external media error
2024/04/15 16:21:11 open /run/media/blackgaze: no such file or directory
2024/04/15 16:21:11 Get external media error
2024/04/15 16:21:11 open /run/media/blackgaze: no such file or directory
2024/04/15 16:21:11 Get external media error
2024/04/15 16:21:11 open /run/media/blackgaze: no such file or directory
2024/04/15 16:21:11 Get external media error
2024/04/15 16:21:11 open /run/media/blackgaze: no such file or directory
2024/04/15 16:21:12 Get external media error
2024/04/15 16:21:12 open /run/media/blackgaze: no such file or directory
2024/04/15 16:21:12 Get external media error
2024/04/15 16:21:12 open /run/media/blackgaze: no such file or directory
2024/04/15 16:21:12 Get external media error
2024/04/15 16:21:12 open /run/media/blackgaze: no such file or directory
2024/04/15 16:21:12 Get external media error
2024/04/15 16:21:12 open /run/media/blackgaze: no such file or directory
2024/04/15 16:21:13 Get external media error
2024/04/15 16:21:13 open /run/media/blackgaze: no such file or directory
2024/04/15 16:21:13 Get external media error
2024/04/15 16:21:13 open /run/media/blackgaze: no such file or directory
2024/04/15 16:21:13 Get external media error
2024/04/15 16:21:13 open /run/media/blackgaze: no such file or directory
2024/04/15 16:21:13 Get external media error
2024/04/15 16:21:13 open /run/media/blackgaze: no such file or directory
2024/04/15 16:21:13 Get external media error
2024/04/15 16:21:13 open /run/media/blackgaze: no such file or directory
2024/04/15 16:21:14 Get external media error
2024/04/15 16:21:14 open /run/media/blackgaze: no such file or directory
2024/04/15 16:21:14 Get external media error
2024/04/15 16:21:14 open /run/media/blackgaze: no such file or directory
2024/04/15 16:21:14 Get external media error
2024/04/15 16:21:14 open /run/media/blackgaze: no such file or directory
2024/04/15 16:21:14 Get external media error
2024/04/15 16:21:14 open /run/media/blackgaze: no such file or directory
2024/04/15 16:21:14 Get external media error
2024/04/15 16:21:14 open /run/media/blackgaze: no such file or directory
2024/04/15 16:21:15 Get external media error
2024/04/15 16:21:15 open /run/media/blackgaze: no such file or directory
2024/04/15 16:21:15 Get external media error
2024/04/15 16:21:15 open /run/media/blackgaze: no such file or directory
2024/04/15 16:21:15 Get external media error
2024/04/15 16:21:15 open /run/media/blackgaze: no such file or directory
2024/04/15 16:21:15 Get external media error
2024/04/15 16:21:15 open /run/media/blackgaze: no such file or directory
2024/04/15 16:21:16 Get external media error
2024/04/15 16:21:16 open /run/media/blackgaze: no such file or directory
2024/04/15 16:21:16 Get external media error
2024/04/15 16:21:16 open /run/media/blackgaze: no such file or directory
2024/04/15 16:21:16 Get external media error
2024/04/15 16:21:16 open /run/media/blackgaze: no such file or directory
2024/04/15 16:21:16 Get external media error
2024/04/15 16:21:16 open /run/media/blackgaze: no such file or directory
2024/04/15 16:21:16 Get external media error
2024/04/15 16:21:16 open /run/media/blackgaze: no such file or directory
2024/04/15 16:21:17 Get external media error
2024/04/15 16:21:17 open /run/media/blackgaze: no such file or directory
2024/04/15 16:21:17 Get external media error
2024/04/15 16:21:17 open /run/media/blackgaze: no such file or directory
2024/04/15 16:21:17 Get external media error
2024/04/15 16:21:17 open /run/media/blackgaze: no such file or directory
2024/04/15 16:21:17 Get external media error
2024/04/15 16:21:17 open /run/media/blackgaze: no such file or directory
2024/04/15 16:21:17 Get external media error
2024/04/15 16:21:17 open /run/media/blackgaze: no such file or directory
2024/04/15 16:21:18 Get external media error
2024/04/15 16:21:18 open /run/media/blackgaze: no such file or directory
2024/04/15 16:21:18 Get external media error
2024/04/15 16:21:18 open /run/media/blackgaze: no such file or directory
2024/04/15 16:21:18 Get external media error
2024/04/15 16:21:18 open /run/media/blackgaze: no such file or directory
2024/04/15 16:21:19 Get external media error
2024/04/15 16:21:19 open /run/media/blackgaze: no such file or directory
2024/04/15 16:21:19 Get external media error
2024/04/15 16:21:19 open /run/media/blackgaze: no such file or directory
2024/04/15 16:21:19 Get external media error
2024/04/15 16:21:19 open /run/media/blackgaze: no such file or directory
2024/04/15 16:21:20 Get external media error
2024/04/15 16:21:20 open /run/media/blackgaze: no such file or directory
2024/04/15 16:21:20 Get external media error
2024/04/15 16:21:20 open /run/media/blackgaze: no such file or directory
2024/04/15 16:21:20 Get external media error
2024/04/15 16:21:20 open /run/media/blackgaze: no such file or directory
2024/04/15 16:21:20 Get external media error
2024/04/15 16:21:20 open /run/media/blackgaze: no such file or directory
2024/04/15 16:21:20 Get external media error
2024/04/15 16:21:20 open /run/media/blackgaze: no such file or directory
2024/04/15 16:21:20 Get external media error
2024/04/15 16:21:20 open /run/media/blackgaze: no such file or directory
2024/04/15 16:21:20 Get external media error
2024/04/15 16:21:20 open /run/media/blackgaze: no such file or directory
2024/04/15 16:21:20 Get external media error
2024/04/15 16:21:20 open /run/media/blackgaze: no such file or directory
2024/04/15 16:21:20 Get external media error
2024/04/15 16:21:20 open /run/media/blackgaze: no such file or directory
2024/04/15 16:21:20 Get external media error
2024/04/15 16:21:20 open /run/media/blackgaze: no such file or directory
2024/04/15 16:21:20 Get external media error
2024/04/15 16:21:20 open /run/media/blackgaze: no such file or directory
2024/04/15 16:21:20 Get external media error
2024/04/15 16:21:20 open /run/media/blackgaze: no such file or directory
2024/04/15 16:21:21 Get external media error
2024/04/15 16:21:21 open /run/media/blackgaze: no such file or directory
2024/04/15 16:21:21 Get external media error
2024/04/15 16:21:21 open /run/media/blackgaze: no such file or directory
2024/04/15 16:21:21 Get external media error
2024/04/15 16:21:21 open /run/media/blackgaze: no such file or directory
2024/04/15 16:21:21 Get external media error
2024/04/15 16:21:21 open /run/media/blackgaze: no such file or directory
2024/04/15 16:21:21 Get external media error
2024/04/15 16:21:21 open /run/media/blackgaze: no such file or directory
2024/04/15 16:21:22 Get external media error
2024/04/15 16:21:22 open /run/media/blackgaze: no such file or directory
2024/04/15 16:21:22 Get external media error
2024/04/15 16:21:22 open /run/media/blackgaze: no such file or directory
2024/04/15 16:21:22 Get external media error
2024/04/15 16:21:22 open /run/media/blackgaze: no such file or directory
2024/04/15 16:21:23 Get external media error
2024/04/15 16:21:23 open /run/media/blackgaze: no such file or directory
2024/04/15 16:21:23 Get external media error
2024/04/15 16:21:23 open /run/media/blackgaze: no such file or directory
2024/04/15 16:21:23 Get external media error
2024/04/15 16:21:23 open /run/media/blackgaze: no such file or directory
2024/04/15 16:21:24 Get external media error
2024/04/15 16:21:24 open /run/media/blackgaze: no such file or directory
2024/04/15 16:21:24 Get external media error
2024/04/15 16:21:24 open /run/media/blackgaze: no such file or directory
2024/04/15 16:21:24 Get external media error
2024/04/15 16:21:24 open /run/media/blackgaze: no such file or directory
2024/04/15 16:21:25 Get external media error
2024/04/15 16:21:25 open /run/media/blackgaze: no such file or directory
2024/04/15 16:21:25 Get external media error
2024/04/15 16:21:25 open /run/media/blackgaze: no such file or directory
2024/04/15 16:21:25 Get external media error
2024/04/15 16:21:25 open /run/media/blackgaze: no such file or directory
2024/04/15 16:21:26 Get external media error
2024/04/15 16:21:26 open /run/media/blackgaze: no such file or directory
2024/04/15 16:21:31 Get external media error
2024/04/15 16:21:31 open /run/media/blackgaze: no such file or directory
2024/04/15 16:21:33 Get external media error
2024/04/15 16:21:33 open /run/media/blackgaze: no such file or directory
2024/04/15 16:21:33 Get external media error
2024/04/15 16:21:33 open /run/media/blackgaze: no such file or directory
2024/04/15 16:30:54 Get external media error
2024/04/15 16:30:54 open /run/media/blackgaze: no such file or directory
2024/04/15 16:30:54 Get external media error
2024/04/15 16:30:54 open /run/media/blackgaze: no such file or directory
2024/04/15 16:30:54 Get external media error
2024/04/15 16:30:54 open /run/media/blackgaze: no such file or directory
2024/04/15 16:30:55 Get external media error
2024/04/15 16:30:55 open /run/media/blackgaze: no such file or directory
2024/04/15 16:30:55 Get external media error
2024/04/15 16:30:55 open /run/media/blackgaze: no such file or directory
2024/04/15 16:30:55 Get external media error
2024/04/15 16:30:55 open /run/media/blackgaze: no such file or directory
2024/04/15 16:30:56 Get external media error
2024/04/15 16:30:56 open /run/media/blackgaze: no such file or directory
2024/04/15 16:30:56 Get external media error
2024/04/15 16:30:56 open /run/media/blackgaze: no such file or directory
2024/04/15 16:30:56 Get external media error
2024/04/15 16:30:56 open /run/media/blackgaze: no such file or directory
2024/04/15 16:30:56 Get external media error
2024/04/15 16:30:56 open /run/media/blackgaze: no such file or directory
2024/04/15 16:30:56 Get external media error
2024/04/15 16:30:56 open /run/media/blackgaze: no such file or directory
2024/04/15 16:30:56 Get external media error
2024/04/15 16:30:56 open /run/media/blackgaze: no such file or directory
2024/04/15 16:30:56 Get external media error
2024/04/15 16:30:56 open /run/media/blackgaze: no such file or directory
2024/04/15 16:30:56 Get external media error
2024/04/15 16:30:56 open /run/media/blackgaze: no such file or directory
2024/04/15 16:30:56 Get external media error
2024/04/15 16:30:56 open /run/media/blackgaze: no such file or directory
2024/04/15 16:30:56 Get external media error
2024/04/15 16:30:56 open /run/media/blackgaze: no such file or directory
2024/04/15 16:30:56 Get external media error
2024/04/15 16:30:56 open /run/media/blackgaze: no such file or directory
2024/04/15 16:30:57 Get external media error
2024/04/15 16:30:57 open /run/media/blackgaze: no such file or directory
2024/04/15 16:30:59 Get external media error
2024/04/15 16:30:59 open /run/media/blackgaze: no such file or directory
2024/04/15 16:30:59 Get external media error
2024/04/15 16:30:59 open /run/media/blackgaze: no such file or directory
2024/04/15 16:30:59 Get external media error
2024/04/15 16:30:59 open /run/media/blackgaze: no such file or directory
2024/04/15 16:31:00 Get external media error
2024/04/15 16:31:00 open /run/media/blackgaze: no such file or directory
2024/04/15 16:31:00 Get external media error
2024/04/15 16:31:00 open /run/media/blackgaze: no such file or directory
2024/04/15 16:31:01 Get external media error
2024/04/15 16:31:01 open /run/media/blackgaze: no such file or directory
2024/04/15 16:31:01 Get external media error
2024/04/15 16:31:01 open /run/media/blackgaze: no such file or directory
2024/04/15 16:31:01 Get external media error
2024/04/15 16:31:01 open /run/media/blackgaze: no such file or directory
2024/04/15 16:31:01 Get external media error
2024/04/15 16:31:01 open /run/media/blackgaze: no such file or directory
2024/04/15 16:31:02 Get external media error
2024/04/15 16:31:02 open /run/media/blackgaze: no such file or directory
2024/04/15 16:31:03 Get external media error
2024/04/15 16:31:03 open /run/media/blackgaze: no such file or directory
2024/04/15 16:31:29 Get external media error
2024/04/15 16:31:29 open /run/media/blackgaze: no such file or directory
2024/04/15 16:31:29 Get external media error
2024/04/15 16:31:29 open /run/media/blackgaze: no such file or directory
2024/04/15 16:31:29 Get external media error
2024/04/15 16:31:29 open /run/media/blackgaze: no such file or directory
2024/04/15 16:31:30 Get external media error
2024/04/15 16:31:30 open /run/media/blackgaze: no such file or directory
2024/04/15 16:31:31 Get external media error
2024/04/15 16:31:31 open /run/media/blackgaze: no such file or directory
2024/04/15 16:31:31 Get external media error
2024/04/15 16:31:31 open /run/media/blackgaze: no such file or directory
2024/04/15 16:31:31 Get external media error
2024/04/15 16:31:31 open /run/media/blackgaze: no such file or directory
2024/04/15 16:31:31 Get external media error
2024/04/15 16:31:31 open /run/media/blackgaze: no such file or directory
2024/04/15 16:31:31 Get external media error
2024/04/15 16:31:31 open /run/media/blackgaze: no such file or directory
2024/04/15 16:31:32 Get external media error
2024/04/15 16:31:32 open /run/media/blackgaze: no such file or directory
2024/04/15 16:31:32 Get external media error
2024/04/15 16:31:32 open /run/media/blackgaze: no such file or directory
2024/04/15 16:31:32 Get external media error
2024/04/15 16:31:32 open /run/media/blackgaze: no such file or directory
2024/04/15 16:31:32 Get external media error
2024/04/15 16:31:32 open /run/media/blackgaze: no such file or directory
2024/04/15 16:31:32 Get external media error
2024/04/15 16:31:32 open /run/media/blackgaze: no such file or directory
2024/04/15 16:31:33 Get external media error
2024/04/15 16:31:33 open /run/media/blackgaze: no such file or directory
2024/04/15 16:31:33 Get external media error
2024/04/15 16:31:33 open /run/media/blackgaze: no such file or directory
2024/04/15 16:31:33 Get external media error
2024/04/15 16:31:33 open /run/media/blackgaze: no such file or directory
2024/04/15 16:31:33 Get external media error
2024/04/15 16:31:33 open /run/media/blackgaze: no such file or directory
2024/04/15 16:31:33 Get external media error
2024/04/15 16:31:33 open /run/media/blackgaze: no such file or directory
2024/04/15 16:31:34 Get external media error
2024/04/15 16:31:34 open /run/media/blackgaze: no such file or directory
2024/04/15 16:31:34 Get external media error
2024/04/15 16:31:34 open /run/media/blackgaze: no such file or directory
2024/04/15 16:31:34 Get external media error
2024/04/15 16:31:34 open /run/media/blackgaze: no such file or directory
2024/04/15 16:31:34 Get external media error
2024/04/15 16:31:34 open /run/media/blackgaze: no such file or directory
2024/04/15 16:31:35 Get external media error
2024/04/15 16:31:35 open /run/media/blackgaze: no such file or directory
2024/04/15 16:31:35 Get external media error
2024/04/15 16:31:35 open /run/media/blackgaze: no such file or directory
2024/04/15 16:31:35 Get external media error
2024/04/15 16:31:35 open /run/media/blackgaze: no such file or directory
2024/04/15 16:31:41 Get external media error
2024/04/15 16:31:41 open /run/media/blackgaze: no such file or directory
2024/04/15 16:31:41 Get external media error
2024/04/15 16:31:41 open /run/media/blackgaze: no such file or directory
2024/04/15 16:31:41 Get external media error
2024/04/15 16:31:41 open /run/media/blackgaze: no such file or directory
2024/04/15 16:31:41 Get external media error
2024/04/15 16:31:41 open /run/media/blackgaze: no such file or directory
2024/04/15 16:31:42 Get external media error
2024/04/15 16:31:42 open /run/media/blackgaze: no such file or directory
2024/04/15 16:31:43 Get external media error
2024/04/15 16:31:43 open /run/media/blackgaze: no such file or directory
2024/04/15 16:31:43 Get external media error
2024/04/15 16:31:43 open /run/media/blackgaze: no such file or directory
2024/04/15 16:31:43 Get external media error
2024/04/15 16:31:43 open /run/media/blackgaze: no such file or directory
2024/04/15 16:33:48 Get external media error
2024/04/15 16:33:48 open /run/media/blackgaze: no such file or directory
2024/04/15 16:33:48 Get external media error
2024/04/15 16:33:48 open /run/media/blackgaze: no such file or directory
2024/04/15 16:33:48 Get external media error
2024/04/15 16:33:48 open /run/media/blackgaze: no such file or directory
2024/04/15 16:33:49 Get external media error
2024/04/15 16:33:49 open /run/media/blackgaze: no such file or directory
2024/04/15 16:33:50 Get external media error
2024/04/15 16:33:50 open /run/media/blackgaze: no such file or directory
2024/04/15 16:33:50 Get external media error
2024/04/15 16:33:50 open /run/media/blackgaze: no such file or directory
2024/04/15 16:33:54 Get external media error
2024/04/15 16:33:54 open /run/media/blackgaze: no such file or directory
2024/04/15 16:33:54 Get external media error
2024/04/15 16:33:54 open /run/media/blackgaze: no such file or directory
2024/04/15 16:33:55 Get external media error
2024/04/15 16:33:55 open /run/media/blackgaze: no such file or directory
2024/04/15 16:33:56 Get external media error
2024/04/15 16:33:56 open /run/media/blackgaze: no such file or directory
2024/04/15 16:33:59 Get external media error
2024/04/15 16:33:59 open /run/media/blackgaze: no such file or directory
2024/04/15 16:33:59 Get external media error
2024/04/15 16:33:59 open /run/media/blackgaze: no such file or directory
2024/04/15 16:34:00 Get external media error
2024/04/15 16:34:00 open /run/media/blackgaze: no such file or directory
2024/04/15 16:34:00 Get external media error
2024/04/15 16:34:00 open /run/media/blackgaze: no such file or directory
2024/04/15 16:34:01 Get external media error
2024/04/15 16:34:01 open /run/media/blackgaze: no such file or directory
2024/04/15 16:34:01 Get external media error
2024/04/15 16:34:01 open /run/media/blackgaze: no such file or directory
2024/04/15 16:34:01 Get external media error
2024/04/15 16:34:01 open /run/media/blackgaze: no such file or directory
2024/04/15 16:34:02 Get external media error
2024/04/15 16:34:02 open /run/media/blackgaze: no such file or directory
2024/04/15 16:34:02 Get external media error
2024/04/15 16:34:02 open /run/media/blackgaze: no such file or directory
2024/04/15 16:34:03 Get external media error
2024/04/15 16:34:03 open /run/media/blackgaze: no such file or directory
2024/04/15 16:34:14 Get external media error
2024/04/15 16:34:14 open /run/media/blackgaze: no such file or directory
2024/04/15 16:34:14 Get external media error
2024/04/15 16:34:14 open /run/media/blackgaze: no such file or directory
2024/04/15 16:34:14 Get external media error
2024/04/15 16:34:14 open /run/media/blackgaze: no such file or directory
2024/04/15 16:34:15 Get external media error
2024/04/15 16:34:15 open /run/media/blackgaze: no such file or directory
2024/04/15 16:34:15 Get external media error
2024/04/15 16:34:15 open /run/media/blackgaze: no such file or directory
2024/04/15 16:34:15 Get external media error
2024/04/15 16:34:15 open /run/media/blackgaze: no such file or directory
2024/04/15 16:34:15 Get external media error
2024/04/15 16:34:15 open /run/media/blackgaze: no such file or directory
2024/04/15 16:34:18 Get external media error
2024/04/15 16:34:18 open /run/media/blackgaze: no such file or directory
2024/04/15 16:34:18 Get external media error
2024/04/15 16:34:18 open /run/media/blackgaze: no such file or directory
2024/04/15 16:34:18 Get external media error
2024/04/15 16:34:18 open /run/media/blackgaze: no such file or directory
2024/04/15 16:34:19 Get external media error
2024/04/15 16:34:19 open /run/media/blackgaze: no such file or directory
2024/04/15 16:34:25 Get external media error
2024/04/15 16:34:25 open /run/media/blackgaze: no such file or directory
2024/04/15 16:34:26 Get external media error
2024/04/15 16:34:26 open /run/media/blackgaze: no such file or directory
2024/04/15 16:34:27 Get external media error
2024/04/15 16:34:27 open /run/media/blackgaze: no such file or directory
2024/04/15 16:34:28 Get external media error
2024/04/15 16:34:28 open /run/media/blackgaze: no such file or directory
2024/04/15 16:34:28 Get external media error
2024/04/15 16:34:28 open /run/media/blackgaze: no such file or directory
2024/04/15 16:34:29 Get external media error
2024/04/15 16:34:29 open /run/media/blackgaze: no such file or directory
2024/04/15 16:34:29 Get external media error
2024/04/15 16:34:29 open /run/media/blackgaze: no such file or directory
2024/04/15 16:34:29 Get external media error
2024/04/15 16:34:29 open /run/media/blackgaze: no such file or directory
2024/04/15 16:34:30 Get external media error
2024/04/15 16:34:30 open /run/media/blackgaze: no such file or directory
2024/04/15 16:34:31 Get external media error
2024/04/15 16:34:31 open /run/media/blackgaze: no such file or directory
2024/04/15 16:34:31 Get external media error
2024/04/15 16:34:31 open /run/media/blackgaze: no such file or directory
2024/04/15 16:34:33 Get external media error
2024/04/15 16:34:33 open /run/media/blackgaze: no such file or directory
2024/04/15 16:34:39 Pinned folder function unmarshal superfile data error
2024/04/15 16:34:39 unexpected end of JSON input
2024/04/15 16:34:39 Get external media error
2024/04/15 16:34:39 open /run/media/blackgaze: no such file or directory
2024/04/15 16:34:47 Get external media error
2024/04/15 16:34:47 open /run/media/blackgaze: no such file or directory
2024/04/15 16:34:48 Get external media error
2024/04/15 16:34:48 open /run/media/blackgaze: no such file or directory
2024/04/15 16:34:48 Get external media error
2024/04/15 16:34:48 open /run/media/blackgaze: no such file or directory
2024/04/15 16:34:48 Get external media error
2024/04/15 16:34:48 open /run/media/blackgaze: no such file or directory
2024/04/15 16:34:48 Get external media error
2024/04/15 16:34:48 open /run/media/blackgaze: no such file or directory
2024/04/15 16:34:48 Get external media error
2024/04/15 16:34:48 open /run/media/blackgaze: no such file or directory
2024/04/15 16:34:49 Get external media error
2024/04/15 16:34:49 open /run/media/blackgaze: no such file or directory
2024/04/15 16:34:49 Get external media error
2024/04/15 16:34:49 open /run/media/blackgaze: no such file or directory
2024/04/15 16:34:49 Get external media error
2024/04/15 16:34:49 open /run/media/blackgaze: no such file or directory
2024/04/15 16:34:49 Get external media error
2024/04/15 16:34:49 open /run/media/blackgaze: no such file or directory
2024/04/15 16:34:50 Get external media error
2024/04/15 16:34:50 open /run/media/blackgaze: no such file or directory
2024/04/15 16:34:50 Get external media error
2024/04/15 16:34:50 open /run/media/blackgaze: no such file or directory
2024/04/15 16:34:51 Get external media error
2024/04/15 16:34:51 open /run/media/blackgaze: no such file or directory
2024/04/15 16:34:51 Get external media error
2024/04/15 16:34:51 open /run/media/blackgaze: no such file or directory
2024/04/15 16:34:51 Get external media error
2024/04/15 16:34:51 open /run/media/blackgaze: no such file or directory
2024/04/15 16:34:51 Get external media error
2024/04/15 16:34:51 open /run/media/blackgaze: no such file or directory
2024/04/15 16:34:52 Get external media error
2024/04/15 16:34:52 open /run/media/blackgaze: no such file or directory
2024/04/15 16:34:52 Get external media error
2024/04/15 16:34:52 open /run/media/blackgaze: no such file or directory
2024/04/15 16:34:52 Get external media error
2024/04/15 16:34:52 open /run/media/blackgaze: no such file or directory
2024/04/15 16:34:53 Get external media error
2024/04/15 16:34:53 open /run/media/blackgaze: no such file or directory
2024/04/15 16:34:53 Get external media error
2024/04/15 16:34:53 open /run/media/blackgaze: no such file or directory
2024/04/15 16:34:53 Get external media error
2024/04/15 16:34:53 open /run/media/blackgaze: no such file or directory
2024/04/15 16:34:53 Get external media error
2024/04/15 16:34:53 open /run/media/blackgaze: no such file or directory
2024/04/15 16:34:53 Get external media error
2024/04/15 16:34:53 open /run/media/blackgaze: no such file or directory
2024/04/15 16:34:53 Get external media error
2024/04/15 16:34:53 open /run/media/blackgaze: no such file or directory
2024/04/15 16:34:53 Get external media error
2024/04/15 16:34:53 open /run/media/blackgaze: no such file or directory
2024/04/15 16:34:53 Get external media error
2024/04/15 16:34:53 open /run/media/blackgaze: no such file or directory
2024/04/15 16:34:53 Get external media error
2024/04/15 16:34:53 open /run/media/blackgaze: no such file or directory
2024/04/15 16:34:53 Get external media error
2024/04/15 16:34:53 open /run/media/blackgaze: no such file or directory
2024/04/15 16:34:53 Get external media error
2024/04/15 16:34:53 open /run/media/blackgaze: no such file or directory
2024/04/15 16:34:53 Get external media error
2024/04/15 16:34:53 open /run/media/blackgaze: no such file or directory
2024/04/15 16:34:53 Get external media error
2024/04/15 16:34:53 open /run/media/blackgaze: no such file or directory
2024/04/15 16:34:53 Get external media error
2024/04/15 16:34:53 open /run/media/blackgaze: no such file or directory
2024/04/15 16:34:53 Get external media error
2024/04/15 16:34:53 open /run/media/blackgaze: no such file or directory
2024/04/15 16:34:53 Get external media error
2024/04/15 16:34:53 open /run/media/blackgaze: no such file or directory
2024/04/15 16:34:53 Get external media error
2024/04/15 16:34:53 open /run/media/blackgaze: no such file or directory
2024/04/15 16:34:53 Get external media error
2024/04/15 16:34:53 open /run/media/blackgaze: no such file or directory
2024/04/15 16:34:53 Get external media error
2024/04/15 16:34:53 open /run/media/blackgaze: no such file or directory
2024/04/15 16:34:54 Get external media error
2024/04/15 16:34:54 open /run/media/blackgaze: no such file or directory
2024/04/15 16:34:54 Get external media error
2024/04/15 16:34:54 open /run/media/blackgaze: no such file or directory
2024/04/15 16:34:54 Get external media error
2024/04/15 16:34:54 open /run/media/blackgaze: no such file or directory
2024/04/15 16:34:54 Get external media error
2024/04/15 16:34:54 open /run/media/blackgaze: no such file or directory
2024/04/15 16:34:54 Get external media error
2024/04/15 16:34:54 open /run/media/blackgaze: no such file or directory
2024/04/15 16:34:54 Get external media error
2024/04/15 16:34:54 open /run/media/blackgaze: no such file or directory
2024/04/15 16:34:54 Get external media error
2024/04/15 16:34:54 open /run/media/blackgaze: no such file or directory
2024/04/15 16:34:54 Get external media error
2024/04/15 16:34:54 open /run/media/blackgaze: no such file or directory
2024/04/15 16:34:54 Get external media error
2024/04/15 16:34:54 open /run/media/blackgaze: no such file or directory
2024/04/15 16:34:54 Get external media error
2024/04/15 16:34:54 open /run/media/blackgaze: no such file or directory
2024/04/15 16:34:54 Get external media error
2024/04/15 16:34:54 open /run/media/blackgaze: no such file or directory
2024/04/15 16:34:54 Get external media error
2024/04/15 16:34:54 open /run/media/blackgaze: no such file or directory
2024/04/15 16:34:54 Get external media error
2024/04/15 16:34:54 open /run/media/blackgaze: no such file or directory
2024/04/15 16:34:54 Get external media error
2024/04/15 16:34:54 open /run/media/blackgaze: no such file or directory
2024/04/15 16:34:54 Get external media error
2024/04/15 16:34:54 open /run/media/blackgaze: no such file or directory
2024/04/15 16:34:54 Get external media error
2024/04/15 16:34:54 open /run/media/blackgaze: no such file or directory
2024/04/15 16:34:54 Get external media error
2024/04/15 16:34:54 open /run/media/blackgaze: no such file or directory
2024/04/15 16:34:55 Get external media error
2024/04/15 16:34:55 open /run/media/blackgaze: no such file or directory
2024/04/15 16:34:55 Get external media error
2024/04/15 16:34:55 open /run/media/blackgaze: no such file or directory
2024/04/15 16:34:55 Get external media error
2024/04/15 16:34:55 open /run/media/blackgaze: no such file or directory
2024/04/15 16:34:55 Get external media error
2024/04/15 16:34:55 open /run/media/blackgaze: no such file or directory
2024/04/15 16:34:55 Get external media error
2024/04/15 16:34:55 open /run/media/blackgaze: no such file or directory
2024/04/15 16:34:55 Get external media error
2024/04/15 16:34:55 open /run/media/blackgaze: no such file or directory
2024/04/15 16:34:56 Get external media error
2024/04/15 16:34:56 open /run/media/blackgaze: no such file or directory
2024/04/15 16:34:56 Get external media error
2024/04/15 16:34:56 open /run/media/blackgaze: no such file or directory
2024/04/15 16:34:56 Get external media error
2024/04/15 16:34:56 open /run/media/blackgaze: no such file or directory
2024/04/15 16:34:56 Get external media error
2024/04/15 16:34:56 open /run/media/blackgaze: no such file or directory
2024/04/15 16:34:59 Get external media error
2024/04/15 16:34:59 open /run/media/blackgaze: no such file or directory
2024/04/15 16:35:00 Get external media error
2024/04/15 16:35:00 open /run/media/blackgaze: no such file or directory
2024/04/15 16:35:00 Get external media error
2024/04/15 16:35:00 open /run/media/blackgaze: no such file or directory
2024/04/15 16:35:02 Get external media error
2024/04/15 16:35:02 open /run/media/blackgaze: no such file or directory
2024/04/15 16:35:05 Get external media error
2024/04/15 16:35:05 open /run/media/blackgaze: no such file or directory
2024/04/15 16:35:06 Get external media error
2024/04/15 16:35:06 open /run/media/blackgaze: no such file or directory
2024/04/15 16:35:07 Get external media error
2024/04/15 16:35:07 open /run/media/blackgaze: no such file or directory
2024/04/15 16:35:08 Get external media error
2024/04/15 16:35:08 open /run/media/blackgaze: no such file or directory
2024/04/15 16:35:08 Get external media error
2024/04/15 16:35:08 open /run/media/blackgaze: no such file or directory
2024/04/15 16:35:08 Get external media error
2024/04/15 16:35:08 open /run/media/blackgaze: no such file or directory
2024/04/15 16:35:09 Get external media error
2024/04/15 16:35:09 open /run/media/blackgaze: no such file or directory
2024/04/15 16:35:09 Get external media error
2024/04/15 16:35:09 open /run/media/blackgaze: no such file or directory
2024/04/15 16:35:09 Get external media error
2024/04/15 16:35:09 open /run/media/blackgaze: no such file or directory
2024/04/15 16:35:09 Get external media error
2024/04/15 16:35:09 open /run/media/blackgaze: no such file or directory
2024/04/15 16:35:10 Get external media error
2024/04/15 16:35:10 open /run/media/blackgaze: no such file or directory
2024/04/15 16:35:10 Get external media error
2024/04/15 16:35:10 open /run/media/blackgaze: no such file or directory
2024/04/15 16:35:10 Get external media error
2024/04/15 16:35:10 open /run/media/blackgaze: no such file or directory
2024/04/15 16:35:10 Get external media error
2024/04/15 16:35:10 open /run/media/blackgaze: no such file or directory
2024/04/15 16:35:10 Get external media error
2024/04/15 16:35:10 open /run/media/blackgaze: no such file or directory
2024/04/15 16:35:11 Get external media error
2024/04/15 16:35:11 open /run/media/blackgaze: no such file or directory
2024/04/15 16:35:11 Get external media error
2024/04/15 16:35:11 open /run/media/blackgaze: no such file or directory
2024/04/15 16:35:11 Get external media error
2024/04/15 16:35:11 open /run/media/blackgaze: no such file or directory
2024/04/15 16:35:12 Get external media error
2024/04/15 16:35:12 open /run/media/blackgaze: no such file or directory
2024/04/15 16:35:13 Get external media error
2024/04/15 16:35:13 open /run/media/blackgaze: no such file or directory
2024/04/15 16:35:13 Get external media error
2024/04/15 16:35:13 open /run/media/blackgaze: no such file or directory
2024/04/15 16:35:13 Get external media error
2024/04/15 16:35:13 open /run/media/blackgaze: no such file or directory
2024/04/15 16:35:13 Get external media error
2024/04/15 16:35:13 open /run/media/blackgaze: no such file or directory
2024/04/15 16:35:14 Get external media error
2024/04/15 16:35:14 open /run/media/blackgaze: no such file or directory
2024/04/15 16:35:14 Get external media error
2024/04/15 16:35:14 open /run/media/blackgaze: no such file or directory
2024/04/15 16:35:14 Get external media error
2024/04/15 16:35:14 open /run/media/blackgaze: no such file or directory
2024/04/15 16:35:14 Get external media error
2024/04/15 16:35:14 open /run/media/blackgaze: no such file or directory
2024/04/15 16:35:14 Get external media error
2024/04/15 16:35:14 open /run/media/blackgaze: no such file or directory
2024/04/15 16:35:14 Get external media error
2024/04/15 16:35:14 open /run/media/blackgaze: no such file or directory
2024/04/15 16:35:14 Get external media error
2024/04/15 16:35:14 open /run/media/blackgaze: no such file or directory
2024/04/15 16:35:14 Get external media error
2024/04/15 16:35:14 open /run/media/blackgaze: no such file or directory
2024/04/15 16:35:14 Get external media error
2024/04/15 16:35:14 open /run/media/blackgaze: no such file or directory
2024/04/15 16:35:14 Get external media error
2024/04/15 16:35:14 open /run/media/blackgaze: no such file or directory
2024/04/15 16:35:14 Get external media error
2024/04/15 16:35:14 open /run/media/blackgaze: no such file or directory
2024/04/15 16:35:14 Get external media error
2024/04/15 16:35:14 open /run/media/blackgaze: no such file or directory
2024/04/15 16:35:14 Get external media error
2024/04/15 16:35:14 open /run/media/blackgaze: no such file or directory
2024/04/15 16:35:14 Get external media error
2024/04/15 16:35:14 open /run/media/blackgaze: no such file or directory
2024/04/15 16:35:14 Get external media error
2024/04/15 16:35:14 open /run/media/blackgaze: no such file or directory
2024/04/15 16:35:14 Get external media error
2024/04/15 16:35:14 open /run/media/blackgaze: no such file or directory
2024/04/15 16:35:14 Get external media error
2024/04/15 16:35:14 open /run/media/blackgaze: no such file or directory
2024/04/15 16:35:15 Get external media error
2024/04/15 16:35:15 open /run/media/blackgaze: no such file or directory
2024/04/15 16:35:15 Get external media error
2024/04/15 16:35:15 open /run/media/blackgaze: no such file or directory
2024/04/15 16:35:15 Get external media error
2024/04/15 16:35:15 open /run/media/blackgaze: no such file or directory
2024/04/15 16:35:15 Get external media error
2024/04/15 16:35:15 open /run/media/blackgaze: no such file or directory
2024/04/15 16:35:15 Get external media error
2024/04/15 16:35:15 open /run/media/blackgaze: no such file or directory
2024/04/15 16:35:15 Get external media error
2024/04/15 16:35:15 open /run/media/blackgaze: no such file or directory
2024/04/15 16:35:15 Get external media error
2024/04/15 16:35:15 open /run/media/blackgaze: no such file or directory
2024/04/15 16:35:15 Get external media error
2024/04/15 16:35:15 open /run/media/blackgaze: no such file or directory
2024/04/15 16:35:15 Get external media error
2024/04/15 16:35:15 open /run/media/blackgaze: no such file or directory
2024/04/15 16:35:16 Get external media error
2024/04/15 16:35:16 open /run/media/blackgaze: no such file or directory
2024/04/15 16:35:16 Get external media error
2024/04/15 16:35:16 open /run/media/blackgaze: no such file or directory
2024/04/15 16:35:16 Get external media error
2024/04/15 16:35:16 open /run/media/blackgaze: no such file or directory
2024/04/15 16:35:16 Get external media error
2024/04/15 16:35:16 open /run/media/blackgaze: no such file or directory
2024/04/15 16:35:16 Get external media error
2024/04/15 16:35:16 open /run/media/blackgaze: no such file or directory
2024/04/15 16:35:17 Get external media error
2024/04/15 16:35:17 open /run/media/blackgaze: no such file or directory
2024/04/15 16:35:17 Get external media error
2024/04/15 16:35:17 open /run/media/blackgaze: no such file or directory
2024/04/15 16:35:20 Get external media error
2024/04/15 16:35:20 open /run/media/blackgaze: no such file or directory
2024/04/15 16:35:38 Get external media error
2024/04/15 16:35:38 open /run/media/blackgaze: no such file or directory
2024/04/15 16:35:38 Get external media error
2024/04/15 16:35:38 open /run/media/blackgaze: no such file or directory
2024/04/15 16:35:39 Get external media error
2024/04/15 16:35:39 open /run/media/blackgaze: no such file or directory
2024/04/15 16:35:39 Get external media error
2024/04/15 16:35:39 open /run/media/blackgaze: no such file or directory
2024/04/15 16:35:40 Get external media error
2024/04/15 16:35:40 open /run/media/blackgaze: no such file or directory
2024/04/15 16:35:40 Get external media error
2024/04/15 16:35:40 open /run/media/blackgaze: no such file or directory
2024/04/15 16:35:40 Get external media error
2024/04/15 16:35:40 open /run/media/blackgaze: no such file or directory
2024/04/15 16:35:40 Get external media error
2024/04/15 16:35:40 open /run/media/blackgaze: no such file or directory
2024/04/15 16:35:40 Get external media error
2024/04/15 16:35:40 open /run/media/blackgaze: no such file or directory
2024/04/15 16:35:40 Get external media error
2024/04/15 16:35:40 open /run/media/blackgaze: no such file or directory
2024/04/15 16:35:41 Get external media error
2024/04/15 16:35:41 open /run/media/blackgaze: no such file or directory
2024/04/15 16:35:42 Get external media error
2024/04/15 16:35:42 open /run/media/blackgaze: no such file or directory
2024/04/15 16:35:43 Get external media error
2024/04/15 16:35:43 open /run/media/blackgaze: no such file or directory
2024/04/15 16:35:43 Get external media error
2024/04/15 16:35:43 open /run/media/blackgaze: no such file or directory
2024/04/15 16:35:43 Get external media error
2024/04/15 16:35:43 open /run/media/blackgaze: no such file or directory
2024/04/15 16:35:44 Get external media error
2024/04/15 16:35:44 open /run/media/blackgaze: no such file or directory
2024/04/15 16:35:44 Get external media error
2024/04/15 16:35:44 open /run/media/blackgaze: no such file or directory
2024/04/15 16:35:45 Get external media error
2024/04/15 16:35:45 open /run/media/blackgaze: no such file or directory
2024/04/15 16:35:45 Get external media error
2024/04/15 16:35:45 open /run/media/blackgaze: no such file or directory
2024/04/15 16:35:45 Get external media error
2024/04/15 16:35:45 open /run/media/blackgaze: no such file or directory
2024/04/15 16:35:45 Get external media error
2024/04/15 16:35:45 open /run/media/blackgaze: no such file or directory
2024/04/15 16:35:45 Get external media error
2024/04/15 16:35:45 open /run/media/blackgaze: no such file or directory
2024/04/15 16:35:46 Get external media error
2024/04/15 16:35:46 open /run/media/blackgaze: no such file or directory
2024/04/15 16:35:46 Get external media error
2024/04/15 16:35:46 open /run/media/blackgaze: no such file or directory
2024/04/15 16:35:46 Get external media error
2024/04/15 16:35:46 open /run/media/blackgaze: no such file or directory
2024/04/15 16:35:46 Get external media error
2024/04/15 16:35:46 open /run/media/blackgaze: no such file or directory
2024/04/15 16:35:48 Get external media error
2024/04/15 16:35:48 open /run/media/blackgaze: no such file or directory
2024/04/15 16:35:48 Get external media error
2024/04/15 16:35:48 open /run/media/blackgaze: no such file or directory
2024/04/15 16:35:48 Get external media error
2024/04/15 16:35:48 open /run/media/blackgaze: no such file or directory
2024/04/15 16:35:48 Get external media error
2024/04/15 16:35:48 open /run/media/blackgaze: no such file or directory
2024/04/15 16:35:49 Get external media error
2024/04/15 16:35:49 open /run/media/blackgaze: no such file or directory
2024/04/15 16:35:49 Get external media error
2024/04/15 16:35:49 open /run/media/blackgaze: no such file or directory
2024/04/15 16:35:50 Get external media error
2024/04/15 16:35:50 open /run/media/blackgaze: no such file or directory
2024/04/15 16:35:50 Get external media error
2024/04/15 16:35:50 open /run/media/blackgaze: no such file or directory
2024/04/15 16:35:50 Get external media error
2024/04/15 16:35:50 open /run/media/blackgaze: no such file or directory
2024/04/15 16:35:50 Get external media error
2024/04/15 16:35:50 open /run/media/blackgaze: no such file or directory
2024/04/15 16:35:51 Get external media error
2024/04/15 16:35:51 open /run/media/blackgaze: no such file or directory
2024/04/15 16:35:51 Get external media error
2024/04/15 16:35:51 open /run/media/blackgaze: no such file or directory
2024/04/15 16:35:51 Get external media error
2024/04/15 16:35:51 open /run/media/blackgaze: no such file or directory
2024/04/15 16:35:54 Get external media error
2024/04/15 16:35:54 open /run/media/blackgaze: no such file or directory
2024/04/15 16:35:55 Get external media error
2024/04/15 16:35:55 open /run/media/blackgaze: no such file or directory
2024/04/15 16:35:57 Get external media error
2024/04/15 16:35:57 open /run/media/blackgaze: no such file or directory
2024/04/15 16:35:58 Get external media error
2024/04/15 16:35:58 open /run/media/blackgaze: no such file or directory
2024/04/15 16:35:58 Get external media error
2024/04/15 16:35:58 open /run/media/blackgaze: no such file or directory
2024/04/15 16:35:59 Get external media error
2024/04/15 16:35:59 open /run/media/blackgaze: no such file or directory
2024/04/15 16:35:59 Get external media error
2024/04/15 16:35:59 open /run/media/blackgaze: no such file or directory
2024/04/15 16:35:59 Get external media error
2024/04/15 16:35:59 open /run/media/blackgaze: no such file or directory
2024/04/15 16:35:59 Get external media error
2024/04/15 16:35:59 open /run/media/blackgaze: no such file or directory
2024/04/15 16:35:59 Get external media error
2024/04/15 16:35:59 open /run/media/blackgaze: no such file or directory
2024/04/15 16:36:00 Get external media error
2024/04/15 16:36:00 open /run/media/blackgaze: no such file or directory
2024/04/15 16:36:00 Get external media error
2024/04/15 16:36:00 open /run/media/blackgaze: no such file or directory
2024/04/15 16:36:00 Get external media error
2024/04/15 16:36:00 open /run/media/blackgaze: no such file or directory
2024/04/15 16:36:01 Get external media error
2024/04/15 16:36:01 open /run/media/blackgaze: no such file or directory
2024/04/15 16:36:01 Get external media error
2024/04/15 16:36:01 open /run/media/blackgaze: no such file or directory
2024/04/15 16:36:02 Get external media error
2024/04/15 16:36:02 open /run/media/blackgaze: no such file or directory
2024/04/15 16:36:02 Get external media error
2024/04/15 16:36:02 open /run/media/blackgaze: no such file or directory
2024/04/15 16:36:02 Get external media error
2024/04/15 16:36:02 open /run/media/blackgaze: no such file or directory
2024/04/15 16:36:02 Get external media error
2024/04/15 16:36:02 open /run/media/blackgaze: no such file or directory
2024/04/15 16:36:03 Get external media error
2024/04/15 16:36:03 open /run/media/blackgaze: no such file or directory
2024/04/15 16:36:06 Get external media error
2024/04/15 16:36:06 open /run/media/blackgaze: no such file or directory
2024/04/15 16:36:35 Get external media error
2024/04/15 16:36:35 open /run/media/blackgaze: no such file or directory
2024/04/15 16:36:35 Get external media error
2024/04/15 16:36:35 open /run/media/blackgaze: no such file or directory
2024/04/15 16:36:36 Get external media error
2024/04/15 16:36:36 open /run/media/blackgaze: no such file or directory
2024/04/15 16:36:36 Get external media error
2024/04/15 16:36:36 open /run/media/blackgaze: no such file or directory
2024/04/15 16:41:35 Get external media error
2024/04/15 16:41:35 open /run/media/blackgaze: no such file or directory
2024/04/15 16:41:35 Get external media error
2024/04/15 16:41:35 open /run/media/blackgaze: no such file or directory
2024/04/15 16:41:35 Get external media error
2024/04/15 16:41:35 open /run/media/blackgaze: no such file or directory
2024/04/15 16:41:36 Get external media error
2024/04/15 16:41:36 open /run/media/blackgaze: no such file or directory
2024/04/15 16:41:37 Get external media error
2024/04/15 16:41:37 open /run/media/blackgaze: no such file or directory
2024/04/15 16:41:37 Get external media error
2024/04/15 16:41:37 open /run/media/blackgaze: no such file or directory
2024/04/15 16:41:37 Get external media error
2024/04/15 16:41:37 open /run/media/blackgaze: no such file or directory
2024/04/15 16:41:37 Get external media error
2024/04/15 16:41:37 open /run/media/blackgaze: no such file or directory
2024/04/15 16:41:37 Get external media error
2024/04/15 16:41:37 open /run/media/blackgaze: no such file or directory
2024/04/15 16:41:37 Get external media error
2024/04/15 16:41:37 open /run/media/blackgaze: no such file or directory
2024/04/15 16:41:38 Get external media error
2024/04/15 16:41:38 open /run/media/blackgaze: no such file or directory
2024/04/15 16:41:38 Get external media error
2024/04/15 16:41:38 open /run/media/blackgaze: no such file or directory
2024/04/15 16:41:38 Get external media error
2024/04/15 16:41:38 open /run/media/blackgaze: no such file or directory
2024/04/15 16:41:38 Get external media error
2024/04/15 16:41:38 open /run/media/blackgaze: no such file or directory
2024/04/15 16:41:38 Get external media error
2024/04/15 16:41:38 open /run/media/blackgaze: no such file or directory
2024/04/15 16:41:39 Get external media error
2024/04/15 16:41:39 open /run/media/blackgaze: no such file or directory
2024/04/15 16:41:39 Get external media error
2024/04/15 16:41:39 open /run/media/blackgaze: no such file or directory
2024/04/15 16:41:40 Get external media error
2024/04/15 16:41:40 open /run/media/blackgaze: no such file or directory
2024/04/15 16:41:41 Get external media error
2024/04/15 16:41:41 open /run/media/blackgaze: no such file or directory
2024/04/15 16:41:41 Get external media error
2024/04/15 16:41:41 open /run/media/blackgaze: no such file or directory
2024/04/15 16:41:41 Get external media error
2024/04/15 16:41:41 open /run/media/blackgaze: no such file or directory
2024/04/15 16:41:41 Get external media error
2024/04/15 16:41:41 open /run/media/blackgaze: no such file or directory
2024/04/15 16:41:42 Get external media error
2024/04/15 16:41:42 open /run/media/blackgaze: no such file or directory
2024/04/15 16:41:42 Get external media error
2024/04/15 16:41:42 open /run/media/blackgaze: no such file or directory
2024/04/15 16:41:42 Get external media error
2024/04/15 16:41:42 open /run/media/blackgaze: no such file or directory
2024/04/15 16:41:42 Get external media error
2024/04/15 16:41:42 open /run/media/blackgaze: no such file or directory
2024/04/15 16:41:43 Get external media error
2024/04/15 16:41:43 open /run/media/blackgaze: no such file or directory
2024/04/15 16:41:43 Get external media error
2024/04/15 16:41:43 open /run/media/blackgaze: no such file or directory
2024/04/15 16:41:44 Get external media error
2024/04/15 16:41:44 open /run/media/blackgaze: no such file or directory
2024/04/15 16:41:44 Get external media error
2024/04/15 16:41:44 open /run/media/blackgaze: no such file or directory
2024/04/15 16:41:44 Get external media error
2024/04/15 16:41:44 open /run/media/blackgaze: no such file or directory
2024/04/15 16:41:44 Get external media error
2024/04/15 16:41:44 open /run/media/blackgaze: no such file or directory
2024/04/15 16:41:44 Get external media error
2024/04/15 16:41:44 open /run/media/blackgaze: no such file or directory
2024/04/15 16:41:44 Get external media error
2024/04/15 16:41:44 open /run/media/blackgaze: no such file or directory
2024/04/15 16:41:47 Get external media error
2024/04/15 16:41:47 open /run/media/blackgaze: no such file or directory
2024/04/15 16:41:48 Get external media error
2024/04/15 16:41:48 open /run/media/blackgaze: no such file or directory
2024/04/15 16:41:48 Get external media error
2024/04/15 16:41:48 open /run/media/blackgaze: no such file or directory
2024/04/15 16:44:03 Get external media error
2024/04/15 16:44:03 open /run/media/blackgaze: no such file or directory
2024/04/15 16:44:03 Get external media error
2024/04/15 16:44:03 open /run/media/blackgaze: no such file or directory
2024/04/15 16:44:06 Get external media error
2024/04/15 16:44:06 open /run/media/blackgaze: no such file or directory
2024/04/15 16:44:06 Get external media error
2024/04/15 16:44:06 open /run/media/blackgaze: no such file or directory
2024/04/15 16:44:06 Get external media error
2024/04/15 16:44:06 open /run/media/blackgaze: no such file or directory
2024/04/15 16:44:07 Get external media error
2024/04/15 16:44:07 open /run/media/blackgaze: no such file or directory
2024/04/15 16:44:07 Get external media error
2024/04/15 16:44:07 open /run/media/blackgaze: no such file or directory
2024/04/15 16:44:07 Get external media error
2024/04/15 16:44:07 open /run/media/blackgaze: no such file or directory
2024/04/15 16:44:07 Get external media error
2024/04/15 16:44:07 open /run/media/blackgaze: no such file or directory
2024/04/15 16:44:08 Get external media error
2024/04/15 16:44:08 open /run/media/blackgaze: no such file or directory
2024/04/15 16:44:08 Get external media error
2024/04/15 16:44:08 open /run/media/blackgaze: no such file or directory
2024/04/15 16:44:09 Get external media error
2024/04/15 16:44:09 open /run/media/blackgaze: no such file or directory
2024/04/15 16:44:10 Get external media error
2024/04/15 16:44:10 open /run/media/blackgaze: no such file or directory
2024/04/15 16:44:10 Get external media error
2024/04/15 16:44:10 open /run/media/blackgaze: no such file or directory
2024/04/15 16:44:10 Get external media error
2024/04/15 16:44:10 open /run/media/blackgaze: no such file or directory
2024/04/15 16:44:11 Get external media error
2024/04/15 16:44:11 open /run/media/blackgaze: no such file or directory
2024/04/15 16:44:11 Get external media error
2024/04/15 16:44:11 open /run/media/blackgaze: no such file or directory
2024/04/15 16:44:12 Get external media error
2024/04/15 16:44:12 open /run/media/blackgaze: no such file or directory
2024/04/15 16:44:12 Get external media error
2024/04/15 16:44:12 open /run/media/blackgaze: no such file or directory
2024/04/15 16:44:13 Get external media error
2024/04/15 16:44:13 open /run/media/blackgaze: no such file or directory
2024/04/15 16:44:39 Get external media error
2024/04/15 16:44:39 open /run/media/blackgaze: no such file or directory
2024/04/15 16:44:39 Get external media error
2024/04/15 16:44:39 open /run/media/blackgaze: no such file or directory
2024/04/15 16:44:39 Get external media error
2024/04/15 16:44:39 open /run/media/blackgaze: no such file or directory
2024/04/15 16:44:39 Get external media error
2024/04/15 16:44:39 open /run/media/blackgaze: no such file or directory
2024/04/15 16:44:41 Get external media error
2024/04/15 16:44:41 open /run/media/blackgaze: no such file or directory
2024/04/15 16:44:43 Get external media error
2024/04/15 16:44:43 open /run/media/blackgaze: no such file or directory
2024/04/15 17:00:08 Get external media error
2024/04/15 17:00:08 open /run/media/blackgaze: no such file or directory
2024/04/15 17:00:08 Get external media error
2024/04/15 17:00:08 open /run/media/blackgaze: no such file or directory
2024/04/15 17:00:08 Get external media error
2024/04/15 17:00:08 open /run/media/blackgaze: no such file or directory
2024/04/15 17:00:09 Get external media error
2024/04/15 17:00:09 open /run/media/blackgaze: no such file or directory
2024/04/15 17:00:09 Get external media error
2024/04/15 17:00:09 open /run/media/blackgaze: no such file or directory
2024/04/15 17:00:09 Get external media error
2024/04/15 17:00:09 open /run/media/blackgaze: no such file or directory
2024/04/15 17:00:09 Get external media error
2024/04/15 17:00:09 open /run/media/blackgaze: no such file or directory
2024/04/15 17:00:09 Get external media error
2024/04/15 17:00:09 open /run/media/blackgaze: no such file or directory
2024/04/15 17:00:10 Get external media error
2024/04/15 17:00:10 open /run/media/blackgaze: no such file or directory
2024/04/15 17:00:10 Get external media error
2024/04/15 17:00:10 open /run/media/blackgaze: no such file or directory
2024/04/15 17:00:10 Get external media error
2024/04/15 17:00:10 open /run/media/blackgaze: no such file or directory
2024/04/15 17:00:10 Get external media error
2024/04/15 17:00:10 open /run/media/blackgaze: no such file or directory
2024/04/15 17:00:10 Get external media error
2024/04/15 17:00:10 open /run/media/blackgaze: no such file or directory
2024/04/15 17:00:11 Get external media error
2024/04/15 17:00:11 open /run/media/blackgaze: no such file or directory
2024/04/15 17:00:11 Get external media error
2024/04/15 17:00:11 open /run/media/blackgaze: no such file or directory
2024/04/15 17:00:11 Get external media error
2024/04/15 17:00:11 open /run/media/blackgaze: no such file or directory
2024/04/15 17:00:11 Get external media error
2024/04/15 17:00:11 open /run/media/blackgaze: no such file or directory
2024/04/15 17:00:11 Get external media error
2024/04/15 17:00:11 open /run/media/blackgaze: no such file or directory
2024/04/15 17:00:12 Get external media error
2024/04/15 17:00:12 open /run/media/blackgaze: no such file or directory
2024/04/15 17:00:12 Get external media error
2024/04/15 17:00:12 open /run/media/blackgaze: no such file or directory
2024/04/15 17:00:12 Get external media error
2024/04/15 17:00:12 open /run/media/blackgaze: no such file or directory
2024/04/15 17:00:12 Get external media error
2024/04/15 17:00:12 open /run/media/blackgaze: no such file or directory
2024/04/15 17:00:12 Get external media error
2024/04/15 17:00:12 open /run/media/blackgaze: no such file or directory
2024/04/15 17:00:12 Get external media error
2024/04/15 17:00:12 open /run/media/blackgaze: no such file or directory
2024/04/15 17:00:13 Get external media error
2024/04/15 17:00:13 open /run/media/blackgaze: no such file or directory
2024/04/15 17:00:13 Get external media error
2024/04/15 17:00:13 open /run/media/blackgaze: no such file or directory
2024/04/15 17:00:13 Get external media error
2024/04/15 17:00:13 open /run/media/blackgaze: no such file or directory
2024/04/15 17:00:14 Get external media error
2024/04/15 17:00:14 open /run/media/blackgaze: no such file or directory
2024/04/15 17:00:14 Get external media error
2024/04/15 17:00:14 open /run/media/blackgaze: no such file or directory
2024/04/15 17:00:14 Get external media error
2024/04/15 17:00:14 open /run/media/blackgaze: no such file or directory
2024/04/15 17:00:14 Get external media error
2024/04/15 17:00:14 open /run/media/blackgaze: no such file or directory
2024/04/15 17:00:15 Get external media error
2024/04/15 17:00:15 open /run/media/blackgaze: no such file or directory
2024/04/15 17:00:15 Get external media error
2024/04/15 17:00:15 open /run/media/blackgaze: no such file or directory
2024/04/15 17:00:15 Get external media error
2024/04/15 17:00:15 open /run/media/blackgaze: no such file or directory
2024/04/15 17:00:15 Get external media error
2024/04/15 17:00:15 open /run/media/blackgaze: no such file or directory
2024/04/15 17:00:15 Get external media error
2024/04/15 17:00:15 open /run/media/blackgaze: no such file or directory
2024/04/15 17:00:16 Get external media error
2024/04/15 17:00:16 open /run/media/blackgaze: no such file or directory
2024/04/15 17:00:16 Get external media error
2024/04/15 17:00:16 open /run/media/blackgaze: no such file or directory
2024/04/15 17:00:16 Get external media error
2024/04/15 17:00:16 open /run/media/blackgaze: no such file or directory
2024/04/15 17:00:17 Get external media error
2024/04/15 17:00:17 open /run/media/blackgaze: no such file or directory
2024/04/15 17:00:17 Get external media error
2024/04/15 17:00:17 open /run/media/blackgaze: no such file or directory
2024/04/15 17:00:18 Get external media error
2024/04/15 17:00:18 open /run/media/blackgaze: no such file or directory
2024/04/15 17:00:18 Get external media error
2024/04/15 17:00:18 open /run/media/blackgaze: no such file or directory
2024/04/15 17:00:18 Get external media error
2024/04/15 17:00:18 open /run/media/blackgaze: no such file or directory
2024/04/15 17:00:19 Get external media error
2024/04/15 17:00:19 open /run/media/blackgaze: no such file or directory
2024/04/15 17:00:19 Get external media error
2024/04/15 17:00:19 open /run/media/blackgaze: no such file or directory
2024/04/15 17:00:20 Get external media error
2024/04/15 17:00:20 open /run/media/blackgaze: no such file or directory
2024/04/15 17:00:21 Get external media error
2024/04/15 17:00:21 open /run/media/blackgaze: no such file or directory
2024/04/15 17:00:21 Get external media error
2024/04/15 17:00:21 open /run/media/blackgaze: no such file or directory
2024/04/15 17:00:21 Get external media error
2024/04/15 17:00:21 open /run/media/blackgaze: no such file or directory
2024/04/15 17:00:22 Get external media error
2024/04/15 17:00:22 open /run/media/blackgaze: no such file or directory
2024/04/15 17:00:22 Get external media error
2024/04/15 17:00:22 open /run/media/blackgaze: no such file or directory
2024/04/15 17:00:22 Get external media error
2024/04/15 17:00:22 open /run/media/blackgaze: no such file or directory
2024/04/15 17:00:22 Get external media error
2024/04/15 17:00:22 open /run/media/blackgaze: no such file or directory
2024/04/15 17:00:23 Get external media error
2024/04/15 17:00:23 open /run/media/blackgaze: no such file or directory
2024/04/15 17:00:23 Get external media error
2024/04/15 17:00:23 open /run/media/blackgaze: no such file or directory
2024/04/15 17:00:23 Get external media error
2024/04/15 17:00:23 open /run/media/blackgaze: no such file or directory
2024/04/15 17:00:23 Get external media error
2024/04/15 17:00:23 open /run/media/blackgaze: no such file or directory
2024/04/15 17:00:24 Get external media error
2024/04/15 17:00:24 open /run/media/blackgaze: no such file or directory
2024/04/15 17:00:24 Get external media error
2024/04/15 17:00:24 open /run/media/blackgaze: no such file or directory
2024/04/15 17:00:24 Get external media error
2024/04/15 17:00:24 open /run/media/blackgaze: no such file or directory
2024/04/15 17:00:24 Get external media error
2024/04/15 17:00:24 open /run/media/blackgaze: no such file or directory
2024/04/15 17:00:24 Get external media error
2024/04/15 17:00:24 open /run/media/blackgaze: no such file or directory
2024/04/15 17:00:25 Get external media error
2024/04/15 17:00:25 open /run/media/blackgaze: no such file or directory
2024/04/15 17:00:25 Get external media error
2024/04/15 17:00:25 open /run/media/blackgaze: no such file or directory
2024/04/15 17:00:25 Get external media error
2024/04/15 17:00:25 open /run/media/blackgaze: no such file or directory
2024/04/15 17:00:25 Get external media error
2024/04/15 17:00:25 open /run/media/blackgaze: no such file or directory
2024/04/15 17:00:25 Get external media error
2024/04/15 17:00:25 open /run/media/blackgaze: no such file or directory
2024/04/15 17:00:26 Get external media error
2024/04/15 17:00:26 open /run/media/blackgaze: no such file or directory
2024/04/15 17:00:26 Get external media error
2024/04/15 17:00:26 open /run/media/blackgaze: no such file or directory
2024/04/15 17:00:26 Get external media error
2024/04/15 17:00:26 open /run/media/blackgaze: no such file or directory
2024/04/15 17:00:26 Get external media error
2024/04/15 17:00:26 open /run/media/blackgaze: no such file or directory
2024/04/15 17:00:26 Get external media error
2024/04/15 17:00:26 open /run/media/blackgaze: no such file or directory
2024/04/15 17:00:26 Get external media error
2024/04/15 17:00:26 open /run/media/blackgaze: no such file or directory
2024/04/15 17:00:26 Get external media error
2024/04/15 17:00:26 open /run/media/blackgaze: no such file or directory
2024/04/15 17:00:26 Get external media error
2024/04/15 17:00:26 open /run/media/blackgaze: no such file or directory
2024/04/15 17:00:26 Get external media error
2024/04/15 17:00:26 open /run/media/blackgaze: no such file or directory
2024/04/15 17:00:26 Get external media error
2024/04/15 17:00:26 open /run/media/blackgaze: no such file or directory
2024/04/15 17:00:27 Get external media error
2024/04/15 17:00:27 open /run/media/blackgaze: no such file or directory
2024/04/15 17:00:27 Get external media error
2024/04/15 17:00:27 open /run/media/blackgaze: no such file or directory
2024/04/15 17:00:27 Get external media error
2024/04/15 17:00:27 open /run/media/blackgaze: no such file or directory
2024/04/15 17:00:27 Get external media error
2024/04/15 17:00:27 open /run/media/blackgaze: no such file or directory
2024/04/15 17:00:27 Get external media error
2024/04/15 17:00:27 open /run/media/blackgaze: no such file or directory
2024/04/15 17:00:27 Get external media error
2024/04/15 17:00:27 open /run/media/blackgaze: no such file or directory
2024/04/15 17:00:27 Get external media error
2024/04/15 17:00:27 open /run/media/blackgaze: no such file or directory
2024/04/15 17:00:27 Get external media error
2024/04/15 17:00:27 open /run/media/blackgaze: no such file or directory
2024/04/15 17:00:27 Get external media error
2024/04/15 17:00:27 open /run/media/blackgaze: no such file or directory
2024/04/15 17:00:27 Get external media error
2024/04/15 17:00:27 open /run/media/blackgaze: no such file or directory
2024/04/15 17:00:27 Get external media error
2024/04/15 17:00:27 open /run/media/blackgaze: no such file or directory
2024/04/15 17:00:27 Get external media error
2024/04/15 17:00:27 open /run/media/blackgaze: no such file or directory
2024/04/15 17:00:27 Get external media error
2024/04/15 17:00:27 open /run/media/blackgaze: no such file or directory
2024/04/15 17:00:27 Get external media error
2024/04/15 17:00:27 open /run/media/blackgaze: no such file or directory
2024/04/15 17:00:27 Get external media error
2024/04/15 17:00:27 open /run/media/blackgaze: no such file or directory
2024/04/15 17:00:27 Get external media error
2024/04/15 17:00:27 open /run/media/blackgaze: no such file or directory
2024/04/15 17:00:28 Get external media error
2024/04/15 17:00:28 open /run/media/blackgaze: no such file or directory
2024/04/15 17:00:28 Get external media error
2024/04/15 17:00:28 open /run/media/blackgaze: no such file or directory
2024/04/15 17:00:28 Get external media error
2024/04/15 17:00:28 open /run/media/blackgaze: no such file or directory
2024/04/15 17:00:29 Get external media error
2024/04/15 17:00:29 open /run/media/blackgaze: no such file or directory
2024/04/15 17:00:33 Get external media error
2024/04/15 17:00:33 open /run/media/blackgaze: no such file or directory
2024/04/15 17:00:35 Get external media error
2024/04/15 17:00:35 open /run/media/blackgaze: no such file or directory
2024/04/15 17:00:35 Get external media error
2024/04/15 17:00:35 open /run/media/blackgaze: no such file or directory
2024/04/15 17:00:35 Get external media error
2024/04/15 17:00:35 open /run/media/blackgaze: no such file or directory
2024/04/15 17:00:36 Get external media error
2024/04/15 17:00:36 open /run/media/blackgaze: no such file or directory
2024/04/15 17:00:37 Get external media error
2024/04/15 17:00:37 open /run/media/blackgaze: no such file or directory
2024/04/15 17:00:37 Get external media error
2024/04/15 17:00:37 open /run/media/blackgaze: no such file or directory
2024/04/15 17:00:39 Get external media error
2024/04/15 17:00:39 open /run/media/blackgaze: no such file or directory
2024/04/15 17:00:40 Get external media error
2024/04/15 17:00:40 open /run/media/blackgaze: no such file or directory
2024/04/15 17:00:44 Get external media error
2024/04/15 17:00:44 open /run/media/blackgaze: no such file or directory
2024/04/15 17:00:44 Get external media error
2024/04/15 17:00:44 open /run/media/blackgaze: no such file or directory
2024/04/15 17:00:44 Get external media error
2024/04/15 17:00:44 open /run/media/blackgaze: no such file or directory
2024/04/15 17:00:44 Get external media error
2024/04/15 17:00:44 open /run/media/blackgaze: no such file or directory
2024/04/15 17:00:45 Get external media error
2024/04/15 17:00:45 open /run/media/blackgaze: no such file or directory
2024/04/15 17:00:46 Get external media error
2024/04/15 17:00:46 open /run/media/blackgaze: no such file or directory
2024/04/15 17:00:46 Get external media error
2024/04/15 17:00:46 open /run/media/blackgaze: no such file or directory
2024/04/15 17:00:46 Get external media error
2024/04/15 17:00:46 open /run/media/blackgaze: no such file or directory
2024/04/15 17:00:46 Get external media error
2024/04/15 17:00:46 open /run/media/blackgaze: no such file or directory
2024/04/15 17:00:46 Get external media error
2024/04/15 17:00:46 open /run/media/blackgaze: no such file or directory
2024/04/15 17:00:47 Get external media error
2024/04/15 17:00:47 open /run/media/blackgaze: no such file or directory
2024/04/15 17:00:47 Get external media error
2024/04/15 17:00:47 open /run/media/blackgaze: no such file or directory
2024/04/15 17:00:47 Get external media error
2024/04/15 17:00:47 open /run/media/blackgaze: no such file or directory
2024/04/15 17:00:47 Get external media error
2024/04/15 17:00:47 open /run/media/blackgaze: no such file or directory
2024/04/15 17:00:47 Get external media error
2024/04/15 17:00:47 open /run/media/blackgaze: no such file or directory
2024/04/15 17:00:48 Get external media error
2024/04/15 17:00:48 open /run/media/blackgaze: no such file or directory
2024/04/15 17:00:48 Get external media error
2024/04/15 17:00:48 open /run/media/blackgaze: no such file or directory
2024/04/15 17:00:48 Get external media error
2024/04/15 17:00:48 open /run/media/blackgaze: no such file or directory
2024/04/15 17:00:48 Get external media error
2024/04/15 17:00:48 open /run/media/blackgaze: no such file or directory
2024/04/15 17:00:48 Get external media error
2024/04/15 17:00:48 open /run/media/blackgaze: no such file or directory
2024/04/15 17:00:49 Get external media error
2024/04/15 17:00:49 open /run/media/blackgaze: no such file or directory
2024/04/15 17:00:49 Get external media error
2024/04/15 17:00:49 open /run/media/blackgaze: no such file or directory
2024/04/15 17:00:49 Get external media error
2024/04/15 17:00:49 open /run/media/blackgaze: no such file or directory
2024/04/15 23:52:12 Get external media error
2024/04/15 23:52:12 open /run/media/blackgaze: no such file or directory
2024/04/15 23:52:12 Get external media error
2024/04/15 23:52:12 open /run/media/blackgaze: no such file or directory
2024/04/15 23:52:12 Get external media error
2024/04/15 23:52:12 open /run/media/blackgaze: no such file or directory
2024/04/15 23:52:13 Get external media error
2024/04/15 23:52:13 open /run/media/blackgaze: no such file or directory
2024/04/15 23:52:13 Get external media error
2024/04/15 23:52:13 open /run/media/blackgaze: no such file or directory
2024/04/15 23:52:13 Get external media error
2024/04/15 23:52:13 open /run/media/blackgaze: no such file or directory
2024/04/15 23:52:13 Get external media error
2024/04/15 23:52:13 open /run/media/blackgaze: no such file or directory
2024/04/15 23:52:14 Get external media error
2024/04/15 23:52:14 open /run/media/blackgaze: no such file or directory
2024/04/15 23:52:14 Get external media error
2024/04/15 23:52:14 open /run/media/blackgaze: no such file or directory
2024/04/15 23:52:15 Get external media error
2024/04/15 23:52:15 open /run/media/blackgaze: no such file or directory
2024/04/15 23:52:16 Get external media error
2024/04/15 23:52:16 open /run/media/blackgaze: no such file or directory
2024/04/15 23:52:16 Get external media error
2024/04/15 23:52:16 open /run/media/blackgaze: no such file or directory
2024/04/15 23:52:17 Get external media error
2024/04/15 23:52:17 open /run/media/blackgaze: no such file or directory
2024/04/15 23:52:17 Get external media error
2024/04/15 23:52:17 open /run/media/blackgaze: no such file or directory
2024/04/15 23:52:18 Get external media error
2024/04/15 23:52:18 open /run/media/blackgaze: no such file or directory
2024/04/15 23:52:18 Get external media error
2024/04/15 23:52:18 open /run/media/blackgaze: no such file or directory
2024/04/15 23:52:18 Get external media error
2024/04/15 23:52:18 open /run/media/blackgaze: no such file or directory
2024/04/15 23:52:18 Get external media error
2024/04/15 23:52:18 open /run/media/blackgaze: no such file or directory
2024/04/15 23:52:18 Get external media error
2024/04/15 23:52:18 open /run/media/blackgaze: no such file or directory
2024/04/15 23:52:18 Get external media error
2024/04/15 23:52:18 open /run/media/blackgaze: no such file or directory
2024/04/15 23:52:19 Get external media error
2024/04/15 23:52:19 open /run/media/blackgaze: no such file or directory
2024/04/15 23:52:19 Get external media error
2024/04/15 23:52:19 open /run/media/blackgaze: no such file or directory
2024/04/15 23:52:19 Get external media error
2024/04/15 23:52:19 open /run/media/blackgaze: no such file or directory
2024/04/15 23:52:19 Get external media error
2024/04/15 23:52:19 open /run/media/blackgaze: no such file or directory
2024/04/15 23:52:20 Get external media error
2024/04/15 23:52:20 open /run/media/blackgaze: no such file or directory
2024/04/15 23:52:20 Get external media error
2024/04/15 23:52:20 open /run/media/blackgaze: no such file or directory
2024/04/15 23:52:20 Get external media error
2024/04/15 23:52:20 open /run/media/blackgaze: no such file or directory
2024/04/15 23:52:20 Get external media error
2024/04/15 23:52:20 open /run/media/blackgaze: no such file or directory
2024/04/15 23:52:20 Get external media error
2024/04/15 23:52:20 open /run/media/blackgaze: no such file or directory
2024/04/15 23:52:21 Get external media error
2024/04/15 23:52:21 open /run/media/blackgaze: no such file or directory
2024/04/15 23:52:21 Get external media error
2024/04/15 23:52:21 open /run/media/blackgaze: no such file or directory
2024/04/15 23:52:21 Get external media error
2024/04/15 23:52:21 open /run/media/blackgaze: no such file or directory
2024/04/15 23:52:21 Get external media error
2024/04/15 23:52:21 open /run/media/blackgaze: no such file or directory
2024/04/15 23:52:21 Get external media error
2024/04/15 23:52:21 open /run/media/blackgaze: no such file or directory
2024/04/15 23:52:22 Get external media error
2024/04/15 23:52:22 open /run/media/blackgaze: no such file or directory
2024/04/15 23:52:25 Get external media error
2024/04/15 23:52:25 open /run/media/blackgaze: no such file or directory
2024/04/20 19:05:40 Get external media error
2024/04/20 19:05:40 open /run/media/blackgaze: no such file or directory
2024/04/20 19:05:40 Get external media error
2024/04/20 19:05:40 open /run/media/blackgaze: no such file or directory
2024/04/20 19:05:40 Get external media error
2024/04/20 19:05:40 open /run/media/blackgaze: no such file or directory
2024/04/20 19:05:41 Get external media error
2024/04/20 19:05:41 open /run/media/blackgaze: no such file or directory
